<?xml version="1.0" encoding="UTF-8"?>
<testsuite xmlns:xsi="http://www.w3.org/2001/XMLSchema-instance" xsi:noNamespaceSchemaLocation="https://maven.apache.org/surefire/maven-surefire-plugin/xsd/surefire-test-report-3.0.xsd" version="3.0" name="com.emoticare.db.ConnectionTest" time="0.92" tests="1" errors="0" skipped="0" failures="0">
  <properties>
[...]
</properties>
  <testcase name="testDbConnection" classname="com.emoticare.db.ConnectionTest" time="0.809">
    <system-out><![CDATA[Running Database Connection Test...
16:07:46.276 [main] INFO com.emoticare.dao.DatabaseConnection -- PostgreSQL JDBC Driver loaded successfully
16:07:46.852 [main] DEBUG com.emoticare.dao.DatabaseConnection -- PostgreSQL connection established successfully
16:07:46.852 [main] INFO com.emoticare.dao.DatabaseConnection -- ✅ Connection test PASSED
16:07:46.853 [main] INFO com.emoticare.dao.DatabaseConnection -- Database: emoticare_db
16:07:46.862 [main] INFO com.emoticare.dao.DatabaseConnection -- User: emoticare_user
Database Connection Verified Successfully!
]]></system-out>
  </testcase>
</testsuite>