<?xml version="1.0" encoding="UTF-8"?>
<testsuite xmlns:xsi="http://www.w3.org/2001/XMLSchema-instance" xsi:noNamespaceSchemaLocation="https://maven.apache.org/surefire/maven-surefire-plugin/xsd/surefire-test-report-3.0.xsd" version="3.0" name="com.emoticare.db.ConnectionTest" time="1.08" tests="1" errors="0" skipped="0" failures="0">
  <properties>
[...]
</properties>
  <testcase name="testDbConnection" classname="com.emoticare.db.ConnectionTest" time="0.951">
    <system-out><![CDATA[Running Database Connection Test...
14:28:57.907 [main] INFO com.emoticare.dao.DatabaseConnection -- PostgreSQL JDBC Driver loaded successfully
14:28:58.538 [main] DEBUG com.emoticare.dao.DatabaseConnection -- PostgreSQL connection established successfully
14:28:58.538 [main] INFO com.emoticare.dao.DatabaseConnection -- ✅ Connection test PASSED
14:28:58.538 [main] INFO com.emoticare.dao.DatabaseConnection -- Database: emoticare_user
14:28:58.549 [main] INFO com.emoticare.dao.DatabaseConnection -- User: emoticare_user
Database Connection Verified Successfully!
]]></system-out>
  </testcase>
</testsuite>